# ~~~~~~~~~~~~~~~~~~~~~~~~~~~~~~~~~~~~~~~~~~~~~~~~~~~~~~~~~~~~~~~~~~~~~~~~~~~~~~~~ 
#      CT CoreTechnologie - 3D_Evolution 4.5 SP2 (Windows 64) [build:298:Neon//COTTOS-23-05-2022] log file 
# 
# Started on 30 10 2022 14h 47min 23sec by DEBOETC11WEB02$
# Computer : DEBOETC11WEB02 [Windows 8 (6.2) ] 
# 
# ~~~~~~~~~~~~~~~~~~~~~~~~~~~~~~~~~~~~~~~~~~~~~~~~~~~~~~~~~~~~~~~~~~~~~~~~~~~~~~~~ 

###########################################################
## Start evolution with script Convert.scp
##=========================================================
## evolution PARAMETERS 
## job_id = 187
## input_file = D:\Convert\int42115\Platine.step
## output_dir = D:\Convert\int42115\Output
## target_system = CatiaV5
## target_format = CatProduct
## open_log_file = true
## asm_last_level = false
## asm_format = Default
## nb_max_heal = 1
## nb_max_stitch = 0
##=========================================================
##
## Open(D:\Convert\int42115\Platine.step)
## File D:\Convert\int42115\Platine.step load successfuly
##--------------------------------------------------------
##  3D Unit = 0.001 (meter)
##  3D Tolerance = 0.01
##  3D Space = 118.851752888978
##--------------------------------------------------------
## Current active filter = SHOW
## ==========================================================
## Count visible elements : 
## ----------------------------------------------------------
## Visible pure assembly = 10
## Unloaded components = 10
## Visible drawings = 15
## Instances = 25
## Exact bodies = 114
## Curves = 20624
## Points = 12711
## ----------------------------------------------------------
## Count unvisible elements : 
## ----------------------------------------------------------
## ==========================================================
Sew()
Check()
##  |- Faces           : 8464
##  |- Body            : 114 - 114 - 114 (total-closed-perfect)
##  |- Nb Imprecision  : 0
##  |- Nb Free Edges   : 0
##  |- Imprecision Max : 0
## Target system : CatiaV5
## Target format : CatProduct
## Assembly format : Default
## Output ext      : .CATProduct
## Output format   : CatProduct

Option("TargetSystem","CatiaV5")
Option("TargetFormat","CatProduct")
## Assembly format: "Default"
## output_format="CatProduct"
## output_ext=".CATProduct"
ConvertToTargetSystem()
## Set visibilities by current filter = SHOW
Heal()
Check()
##  |- Faces           : 8464
##  |- Body            : 114 - 114 - 114 (total-closed-perfect)
##  |- Nb Imprecision  : 0
##  |- Nb Free Edges   : 0
##  |- Imprecision Max : 0
Check()
##  |- Faces           : 8464
##  |- Body            : 114 - 114 - 114 (total-closed-perfect)
##  |- Nb Imprecision  : 0
##  |- Imprecision Max : 0
##  |- Nb Free Edges   : 0
Option("VisibilitySaving","1")
SaveAs("D:\Convert\int42115\Output/Platine.CATProduct","CatProduct")
## File D:\Convert\int42115\Output/Platine.CATProduct save successfuly
## work dir    = D:\temp\coretechnology/work/202210301347227677232
